{"/mnt/c/Users/Ilmari/work/fullstack-open/fullstackopen-part5/bloglist/frontend/src/app.js": {"path":"/mnt/c/Users/Ilmari/work/fullstack-open/fullstackopen-part5/bloglist/frontend/src/app.js","statementMap":{"0":{"start":{"line":1,"column":13},"end":{"line":1,"column":75}},"1":{"start":{"line":1,"column":94},"end":{"line":1,"column":184}},"2":{"start":{"line":1,"column":198},"end":{"line":1,"column":214}},"3":{"start":{"line":1,"column":229},"end":{"line":1,"column":259}},"4":{"start":{"line":2,"column":13},"end":{"line":2,"column":42}},"5":{"start":{"line":2,"column":57},"end":{"line":2,"column":87}},"6":{"start":{"line":3,"column":16},"end":{"line":3,"column":48}},"7":{"start":{"line":3,"column":66},"end":{"line":3,"column":99}},"8":{"start":{"line":4,"column":14},"end":{"line":4,"column":41}},"9":{"start":{"line":4,"column":56},"end":{"line":4,"column":87}},"10":{"start":{"line":5,"column":13},"end":{"line":5,"column":40}},"11":{"start":{"line":5,"column":55},"end":{"line":5,"column":85}},"12":{"start":{"line":6,"column":17},"end":{"line":6,"column":50}},"13":{"start":{"line":6,"column":69},"end":{"line":6,"column":103}},"14":{"start":{"line":7,"column":16},"end":{"line":7,"column":48}},"15":{"start":{"line":7,"column":66},"end":{"line":7,"column":99}},"16":{"start":{"line":8,"column":20},"end":{"line":8,"column":56}},"17":{"start":{"line":8,"column":78},"end":{"line":8,"column":115}},"18":{"start":{"line":9,"column":18},"end":{"line":9,"column":52}},"19":{"start":{"line":9,"column":72},"end":{"line":9,"column":107}},"20":{"start":{"line":9,"column":146},"end":{"line":9,"column":200}},"21":{"start":{"line":13,"column":4},"end":{"line":13,"column":17}},"22":{"start":{"line":13,"column":17},"end":{"line":63,"column":6}},"23":{"start":{"line":55,"column":23},"end":{"line":55,"column":63}},"24":{"start":{"line":56,"column":6},"end":{"line":58,"column":7}},"25":{"start":{"line":57,"column":8},"end":{"line":57,"column":42}},"26":{"start":{"line":59,"column":13},"end":{"line":59,"column":26}},"27":{"start":{"line":60,"column":6},"end":{"line":60,"column":64}},"28":{"start":{"line":61,"column":6},"end":{"line":61,"column":43}},"29":{"start":{"line":62,"column":6},"end":{"line":62,"column":30}},"30":{"start":{"line":63,"column":6},"end":{"line":73,"column":6}},"31":{"start":{"line":66,"column":19},"end":{"line":66,"column":66}},"32":{"start":{"line":67,"column":6},"end":{"line":67,"column":45}},"33":{"start":{"line":68,"column":6},"end":{"line":68,"column":36}},"34":{"start":{"line":69,"column":6},"end":{"line":70,"column":22}},"35":{"start":{"line":72,"column":6},"end":{"line":72,"column":67}},"36":{"start":{"line":73,"column":6},"end":{"line":89,"column":6}},"37":{"start":{"line":77,"column":11},"end":{"line":77,"column":18}},"38":{"start":{"line":77,"column":27},"end":{"line":77,"column":37}},"39":{"start":{"line":78,"column":23},"end":{"line":79,"column":26}},"40":{"start":{"line":81,"column":23},"end":{"line":81,"column":65}},"41":{"start":{"line":82,"column":6},"end":{"line":84,"column":7}},"42":{"start":{"line":83,"column":8},"end":{"line":83,"column":42}},"43":{"start":{"line":85,"column":27},"end":{"line":85,"column":52}},"44":{"start":{"line":86,"column":27},"end":{"line":86,"column":68}},"45":{"start":{"line":86,"column":53},"end":{"line":86,"column":67}},"46":{"start":{"line":87,"column":6},"end":{"line":87,"column":47}},"47":{"start":{"line":88,"column":6},"end":{"line":88,"column":37}},"48":{"start":{"line":89,"column":6},"end":{"line":111,"column":6}},"49":{"start":{"line":97,"column":6},"end":{"line":99,"column":7}},"50":{"start":{"line":98,"column":8},"end":{"line":98,"column":66}},"51":{"start":{"line":100,"column":23},"end":{"line":100,"column":57}},"52":{"start":{"line":101,"column":6},"end":{"line":103,"column":7}},"53":{"start":{"line":102,"column":8},"end":{"line":102,"column":42}},"54":{"start":{"line":105,"column":6},"end":{"line":105,"column":74}},"55":{"start":{"line":106,"column":6},"end":{"line":106,"column":27}},"56":{"start":{"line":108,"column":22},"end":{"line":108,"column":35}},"57":{"start":{"line":109,"column":27},"end":{"line":109,"column":59}},"58":{"start":{"line":110,"column":6},"end":{"line":110,"column":45}},"59":{"start":{"line":111,"column":6},"end":{"line":121,"column":6}},"60":{"start":{"line":114,"column":14},"end":{"line":114,"column":24}},"61":{"start":{"line":114,"column":34},"end":{"line":114,"column":45}},"62":{"start":{"line":114,"column":51},"end":{"line":114,"column":58}},"63":{"start":{"line":115,"column":22},"end":{"line":115,"column":78}},"64":{"start":{"line":116,"column":6},"end":{"line":120,"column":7}},"65":{"start":{"line":117,"column":8},"end":{"line":117,"column":35}},"66":{"start":{"line":118,"column":29},"end":{"line":118,"column":76}},"67":{"start":{"line":118,"column":61},"end":{"line":118,"column":75}},"68":{"start":{"line":119,"column":8},"end":{"line":119,"column":39}},"69":{"start":{"line":121,"column":6},"end":{"line":121,"column":58}},"70":{"start":{"line":121,"column":104},"end":{"line":121,"column":134}},"71":{"start":{"line":121,"column":135},"end":{"line":121,"column":200}},"72":{"start":{"line":121,"column":165},"end":{"line":121,"column":199}},"73":{"start":{"line":121,"column":214},"end":{"line":121,"column":227}},"74":{"start":{"line":121,"column":228},"end":{"line":121,"column":268}},"75":{"start":{"line":121,"column":249},"end":{"line":121,"column":266}},"76":{"start":{"line":121,"column":268},"end":{"line":121,"column":293}},"77":{"start":{"line":121,"column":306},"end":{"line":121,"column":341}},"78":{"start":{"line":121,"column":342},"end":{"line":121,"column":469}},"79":{"start":{"line":121,"column":372},"end":{"line":121,"column":388}},"80":{"start":{"line":121,"column":389},"end":{"line":121,"column":425}},"81":{"start":{"line":121,"column":425},"end":{"line":121,"column":468}},"82":{"start":{"line":121,"column":487},"end":{"line":121,"column":520}},"83":{"start":{"line":121,"column":520},"end":{"line":121,"column":547}},"84":{"start":{"line":121,"column":547},"end":{"line":121,"column":623}},"85":{"start":{"line":121,"column":585},"end":{"line":121,"column":615}},"86":{"start":{"line":121,"column":647},"end":{"line":121,"column":851}},"87":{"start":{"line":121,"column":682},"end":{"line":121,"column":715}},"88":{"start":{"line":121,"column":735},"end":{"line":121,"column":815}},"89":{"start":{"line":121,"column":816},"end":{"line":121,"column":850}},"90":{"start":{"line":122,"column":25},"end":{"line":122,"column":68}},"91":{"start":{"line":122,"column":49},"end":{"line":122,"column":66}},"92":{"start":{"line":122,"column":68},"end":{"line":122,"column":103}},"93":{"start":{"line":124,"column":4},"end":{"line":124,"column":14}},"94":{"start":{"line":124,"column":28},"end":{"line":124,"column":39}},"95":{"start":{"line":124,"column":50},"end":{"line":124,"column":64}},"96":{"start":{"line":125,"column":4},"end":{"line":132,"column":5}},"97":{"start":{"line":126,"column":6},"end":{"line":129,"column":158}},"98":{"start":{"line":133,"column":4},"end":{"line":149,"column":160}},"99":{"start":{"line":146,"column":24},"end":{"line":146,"column":43}},"100":{"start":{"line":153,"column":4},"end":{"line":156,"column":4}}},"fnMap":{"0":{"name":"_interopRequireDefault","decl":{"start":{"line":9,"column":117},"end":{"line":9,"column":139}},"loc":{"start":{"line":9,"column":145},"end":{"line":9,"column":201}},"line":9},"1":{"name":"(anonymous_1)","decl":{"start":{"line":12,"column":2},"end":{"line":12,"column":3}},"loc":{"start":{"line":12,"column":21},"end":{"line":121,"column":59}},"line":12},"2":{"name":"(anonymous_2)","decl":{"start":{"line":54,"column":12},"end":{"line":54,"column":13}},"loc":{"start":{"line":54,"column":33},"end":{"line":63,"column":5}},"line":54},"3":{"name":"(anonymous_3)","decl":{"start":{"line":65,"column":13},"end":{"line":65,"column":14}},"loc":{"start":{"line":65,"column":19},"end":{"line":73,"column":5}},"line":65},"4":{"name":"(anonymous_4)","decl":{"start":{"line":76,"column":11},"end":{"line":76,"column":12}},"loc":{"start":{"line":76,"column":25},"end":{"line":89,"column":5}},"line":76},"5":{"name":"(anonymous_5)","decl":{"start":{"line":86,"column":45},"end":{"line":86,"column":46}},"loc":{"start":{"line":86,"column":53},"end":{"line":86,"column":67}},"line":86},"6":{"name":"(anonymous_6)","decl":{"start":{"line":96,"column":14},"end":{"line":96,"column":15}},"loc":{"start":{"line":96,"column":28},"end":{"line":111,"column":5}},"line":96},"7":{"name":"(anonymous_7)","decl":{"start":{"line":113,"column":17},"end":{"line":113,"column":18}},"loc":{"start":{"line":113,"column":25},"end":{"line":121,"column":5}},"line":113},"8":{"name":"(anonymous_8)","decl":{"start":{"line":118,"column":53},"end":{"line":118,"column":54}},"loc":{"start":{"line":118,"column":61},"end":{"line":118,"column":75}},"line":118},"9":{"name":"(anonymous_9)","decl":{"start":{"line":121,"column":59},"end":{"line":121,"column":60}},"loc":{"start":{"line":121,"column":86},"end":{"line":121,"column":470}},"line":121},"10":{"name":"(anonymous_10)","decl":{"start":{"line":121,"column":239},"end":{"line":121,"column":240}},"loc":{"start":{"line":121,"column":249},"end":{"line":121,"column":266}},"line":121},"11":{"name":"(anonymous_11)","decl":{"start":{"line":121,"column":470},"end":{"line":121,"column":471}},"loc":{"start":{"line":121,"column":486},"end":{"line":121,"column":624}},"line":121},"12":{"name":"(anonymous_12)","decl":{"start":{"line":121,"column":579},"end":{"line":121,"column":580}},"loc":{"start":{"line":121,"column":585},"end":{"line":121,"column":615}},"line":121},"13":{"name":"(anonymous_13)","decl":{"start":{"line":121,"column":624},"end":{"line":121,"column":625}},"loc":{"start":{"line":121,"column":646},"end":{"line":121,"column":852}},"line":121},"14":{"name":"(anonymous_14)","decl":{"start":{"line":122,"column":2},"end":{"line":122,"column":3}},"loc":{"start":{"line":122,"column":24},"end":{"line":122,"column":104}},"line":122},"15":{"name":"(anonymous_15)","decl":{"start":{"line":122,"column":39},"end":{"line":122,"column":40}},"loc":{"start":{"line":122,"column":49},"end":{"line":122,"column":66}},"line":122},"16":{"name":"(anonymous_16)","decl":{"start":{"line":123,"column":2},"end":{"line":123,"column":3}},"loc":{"start":{"line":123,"column":11},"end":{"line":153,"column":3}},"line":123},"17":{"name":"(anonymous_17)","decl":{"start":{"line":146,"column":17},"end":{"line":146,"column":18}},"loc":{"start":{"line":146,"column":24},"end":{"line":146,"column":43}},"line":146}},"branchMap":{"0":{"loc":{"start":{"line":9,"column":153},"end":{"line":9,"column":199}},"type":"cond-expr","locations":[{"start":{"line":9,"column":177},"end":{"line":9,"column":180}},{"start":{"line":9,"column":183},"end":{"line":9,"column":199}}],"line":9},"1":{"loc":{"start":{"line":9,"column":153},"end":{"line":9,"column":174}},"type":"binary-expr","locations":[{"start":{"line":9,"column":153},"end":{"line":9,"column":156}},{"start":{"line":9,"column":160},"end":{"line":9,"column":174}}],"line":9},"2":{"loc":{"start":{"line":56,"column":6},"end":{"line":58,"column":7}},"type":"if","locations":[{"start":{"line":56,"column":6},"end":{"line":58,"column":7}},{"start":{"line":56,"column":6},"end":{"line":58,"column":7}}],"line":56},"3":{"loc":{"start":{"line":82,"column":6},"end":{"line":84,"column":7}},"type":"if","locations":[{"start":{"line":82,"column":6},"end":{"line":84,"column":7}},{"start":{"line":82,"column":6},"end":{"line":84,"column":7}}],"line":82},"4":{"loc":{"start":{"line":97,"column":6},"end":{"line":99,"column":7}},"type":"if","locations":[{"start":{"line":97,"column":6},"end":{"line":99,"column":7}},{"start":{"line":97,"column":6},"end":{"line":99,"column":7}}],"line":97},"5":{"loc":{"start":{"line":97,"column":12},"end":{"line":97,"column":34}},"type":"binary-expr","locations":[{"start":{"line":97,"column":12},"end":{"line":97,"column":22}},{"start":{"line":97,"column":26},"end":{"line":97,"column":34}}],"line":97},"6":{"loc":{"start":{"line":101,"column":6},"end":{"line":103,"column":7}},"type":"if","locations":[{"start":{"line":101,"column":6},"end":{"line":103,"column":7}},{"start":{"line":101,"column":6},"end":{"line":103,"column":7}}],"line":101},"7":{"loc":{"start":{"line":116,"column":6},"end":{"line":120,"column":7}},"type":"if","locations":[{"start":{"line":116,"column":6},"end":{"line":120,"column":7}},{"start":{"line":116,"column":6},"end":{"line":120,"column":7}}],"line":116},"8":{"loc":{"start":{"line":121,"column":135},"end":{"line":121,"column":200}},"type":"if","locations":[{"start":{"line":121,"column":135},"end":{"line":121,"column":200}},{"start":{"line":121,"column":135},"end":{"line":121,"column":200}}],"line":121},"9":{"loc":{"start":{"line":121,"column":342},"end":{"line":121,"column":469}},"type":"if","locations":[{"start":{"line":121,"column":342},"end":{"line":121,"column":469}},{"start":{"line":121,"column":342},"end":{"line":121,"column":469}}],"line":121},"10":{"loc":{"start":{"line":121,"column":647},"end":{"line":121,"column":851}},"type":"if","locations":[{"start":{"line":121,"column":647},"end":{"line":121,"column":851}},{"start":{"line":121,"column":647},"end":{"line":121,"column":851}}],"line":121},"11":{"loc":{"start":{"line":121,"column":735},"end":{"line":121,"column":815}},"type":"cond-expr","locations":[{"start":{"line":121,"column":774},"end":{"line":121,"column":793}},{"start":{"line":121,"column":796},"end":{"line":121,"column":815}}],"line":121},"12":{"loc":{"start":{"line":121,"column":735},"end":{"line":121,"column":771}},"type":"binary-expr","locations":[{"start":{"line":121,"column":735},"end":{"line":121,"column":748}},{"start":{"line":121,"column":752},"end":{"line":121,"column":771}}],"line":121},"13":{"loc":{"start":{"line":121,"column":837},"end":{"line":121,"column":846}},"type":"binary-expr","locations":[{"start":{"line":121,"column":837},"end":{"line":121,"column":840}},{"start":{"line":121,"column":844},"end":{"line":121,"column":846}}],"line":121},"14":{"loc":{"start":{"line":125,"column":4},"end":{"line":132,"column":5}},"type":"if","locations":[{"start":{"line":125,"column":4},"end":{"line":132,"column":5}},{"start":{"line":125,"column":4},"end":{"line":132,"column":5}}],"line":125}},"s":{"0":0,"1":0,"2":0,"3":0,"4":0,"5":0,"6":0,"7":0,"8":0,"9":0,"10":0,"11":0,"12":0,"13":0,"14":0,"15":0,"16":0,"17":0,"18":0,"19":0,"20":0,"21":0,"22":0,"23":0,"24":0,"25":0,"26":0,"27":0,"28":0,"29":0,"30":0,"31":0,"32":0,"33":0,"34":0,"35":0,"36":0,"37":0,"38":0,"39":0,"40":0,"41":0,"42":0,"43":0,"44":0,"45":0,"46":0,"47":0,"48":0,"49":0,"50":0,"51":0,"52":0,"53":0,"54":0,"55":0,"56":0,"57":0,"58":0,"59":0,"60":0,"61":0,"62":0,"63":0,"64":0,"65":0,"66":0,"67":0,"68":0,"69":0,"70":0,"71":0,"72":0,"73":0,"74":0,"75":0,"76":0,"77":0,"78":0,"79":0,"80":0,"81":0,"82":0,"83":0,"84":0,"85":0,"86":0,"87":0,"88":0,"89":0,"90":0,"91":0,"92":0,"93":0,"94":0,"95":0,"96":0,"97":0,"98":0,"99":0,"100":0},"f":{"0":0,"1":0,"2":0,"3":0,"4":0,"5":0,"6":0,"7":0,"8":0,"9":0,"10":0,"11":0,"12":0,"13":0,"14":0,"15":0,"16":0,"17":0},"b":{"0":[0,0],"1":[0,0],"2":[0,0],"3":[0,0],"4":[0,0],"5":[0,0],"6":[0,0],"7":[0,0],"8":[0,0],"9":[0,0],"10":[0,0],"11":[0,0],"12":[0,0],"13":[0,0],"14":[0,0]}}
,"/mnt/c/Users/Ilmari/work/fullstack-open/fullstackopen-part5/bloglist/frontend/src/index.js": {"path":"/mnt/c/Users/Ilmari/work/fullstack-open/fullstackopen-part5/bloglist/frontend/src/index.js","statementMap":{"0":{"start":{"line":1,"column":32},"end":{"line":1,"column":124}},"1":{"start":{"line":1,"column":138},"end":{"line":1,"column":154}},"2":{"start":{"line":1,"column":169},"end":{"line":1,"column":199}},"3":{"start":{"line":2,"column":16},"end":{"line":2,"column":36}},"4":{"start":{"line":2,"column":54},"end":{"line":2,"column":87}},"5":{"start":{"line":3,"column":11},"end":{"line":3,"column":27}},"6":{"start":{"line":3,"column":40},"end":{"line":3,"column":68}},"7":{"start":{"line":3,"column":107},"end":{"line":3,"column":161}},"8":{"start":{"line":5,"column":0},"end":{"line":5,"column":181}}},"fnMap":{"0":{"name":"_interopRequireDefault","decl":{"start":{"line":3,"column":78},"end":{"line":3,"column":100}},"loc":{"start":{"line":3,"column":106},"end":{"line":3,"column":162}},"line":3}},"branchMap":{"0":{"loc":{"start":{"line":3,"column":114},"end":{"line":3,"column":160}},"type":"cond-expr","locations":[{"start":{"line":3,"column":138},"end":{"line":3,"column":141}},{"start":{"line":3,"column":144},"end":{"line":3,"column":160}}],"line":3},"1":{"loc":{"start":{"line":3,"column":114},"end":{"line":3,"column":135}},"type":"binary-expr","locations":[{"start":{"line":3,"column":114},"end":{"line":3,"column":117}},{"start":{"line":3,"column":121},"end":{"line":3,"column":135}}],"line":3}},"s":{"0":0,"1":0,"2":0,"3":0,"4":0,"5":0,"6":0,"7":0,"8":0},"f":{"0":0},"b":{"0":[0,0],"1":[0,0]}}
,"/mnt/c/Users/Ilmari/work/fullstack-open/fullstackopen-part5/bloglist/frontend/src/setupTests.js": {"path":"/mnt/c/Users/Ilmari/work/fullstack-open/fullstackopen-part5/bloglist/frontend/src/setupTests.js","statementMap":{"0":{"start":{"line":4,"column":17},"end":{"line":4,"column":19}},"1":{"start":{"line":6,"column":25},"end":{"line":12,"column":1}},"2":{"start":{"line":8,"column":4},"end":{"line":8,"column":27}},"3":{"start":{"line":10,"column":18},"end":{"line":10,"column":33}},"4":{"start":{"line":11,"column":16},"end":{"line":11,"column":31}},"5":{"start":{"line":14,"column":0},"end":{"line":14,"column":39}},"6":{"start":{"line":16,"column":0},"end":{"line":16,"column":38}}},"fnMap":{"0":{"name":"(anonymous_0)","decl":{"start":{"line":7,"column":11},"end":{"line":7,"column":12}},"loc":{"start":{"line":7,"column":26},"end":{"line":9,"column":3}},"line":7},"1":{"name":"(anonymous_1)","decl":{"start":{"line":10,"column":11},"end":{"line":10,"column":12}},"loc":{"start":{"line":10,"column":18},"end":{"line":10,"column":33}},"line":10},"2":{"name":"(anonymous_2)","decl":{"start":{"line":11,"column":9},"end":{"line":11,"column":10}},"loc":{"start":{"line":11,"column":16},"end":{"line":11,"column":31}},"line":11}},"branchMap":{},"s":{"0":2,"1":2,"2":0,"3":0,"4":0,"5":2,"6":2},"f":{"0":0,"1":0,"2":0},"b":{},"_coverageSchema":"332fd63041d2c1bcb487cc26dd0d5f7d97098a6c","hash":"e1b9736cba0dc1807af9e6997434c47785436a66"}
,"/mnt/c/Users/Ilmari/work/fullstack-open/fullstackopen-part5/bloglist/frontend/src/components/blog.js": {"path":"/mnt/c/Users/Ilmari/work/fullstack-open/fullstackopen-part5/bloglist/frontend/src/components/blog.js","statementMap":{"0":{"start":{"line":5,"column":20},"end":{"line":8,"column":1}},"1":{"start":{"line":12,"column":4},"end":{"line":12,"column":17}},"2":{"start":{"line":13,"column":4},"end":{"line":13,"column":40}},"3":{"start":{"line":17,"column":4},"end":{"line":19,"column":5}},"4":{"start":{"line":18,"column":6},"end":{"line":18,"column":25}},"5":{"start":{"line":20,"column":4},"end":{"line":20,"column":26}},"6":{"start":{"line":25,"column":4},"end":{"line":25,"column":23}},"7":{"start":{"line":26,"column":18},"end":{"line":26,"column":34}},"8":{"start":{"line":27,"column":45},"end":{"line":27,"column":55}},"9":{"start":{"line":28,"column":4},"end":{"line":28,"column":64}},"10":{"start":{"line":29,"column":4},"end":{"line":29,"column":40}},"11":{"start":{"line":33,"column":4},"end":{"line":33,"column":23}},"12":{"start":{"line":34,"column":40},"end":{"line":34,"column":50}},"13":{"start":{"line":35,"column":4},"end":{"line":35,"column":53}},"14":{"start":{"line":38,"column":41},"end":{"line":38,"column":51}},"15":{"start":{"line":39,"column":21},"end":{"line":39,"column":46}},"16":{"start":{"line":40,"column":4},"end":{"line":60,"column":6}},"17":{"start":{"line":46,"column":33},"end":{"line":46,"column":51}}},"fnMap":{"0":{"name":"(anonymous_0)","decl":{"start":{"line":11,"column":2},"end":{"line":11,"column":3}},"loc":{"start":{"line":11,"column":21},"end":{"line":14,"column":3}},"line":11},"1":{"name":"(anonymous_1)","decl":{"start":{"line":16,"column":18},"end":{"line":16,"column":19}},"loc":{"start":{"line":16,"column":23},"end":{"line":21,"column":3}},"line":16},"2":{"name":"(anonymous_2)","decl":{"start":{"line":23,"column":12},"end":{"line":23,"column":13}},"loc":{"start":{"line":23,"column":17},"end":{"line":30,"column":3}},"line":23},"3":{"name":"(anonymous_3)","decl":{"start":{"line":32,"column":13},"end":{"line":32,"column":14}},"loc":{"start":{"line":32,"column":18},"end":{"line":36,"column":3}},"line":32},"4":{"name":"(anonymous_4)","decl":{"start":{"line":37,"column":2},"end":{"line":37,"column":3}},"loc":{"start":{"line":37,"column":11},"end":{"line":61,"column":3}},"line":37},"5":{"name":"(anonymous_5)","decl":{"start":{"line":46,"column":25},"end":{"line":46,"column":26}},"loc":{"start":{"line":46,"column":33},"end":{"line":46,"column":51}},"line":46}},"branchMap":{"0":{"loc":{"start":{"line":17,"column":4},"end":{"line":19,"column":5}},"type":"if","locations":[{"start":{"line":17,"column":4},"end":{"line":19,"column":5}},{"start":{"line":17,"column":4},"end":{"line":19,"column":5}}],"line":17},"1":{"loc":{"start":{"line":39,"column":21},"end":{"line":39,"column":46}},"type":"cond-expr","locations":[{"start":{"line":39,"column":28},"end":{"line":39,"column":41}},{"start":{"line":39,"column":44},"end":{"line":39,"column":46}}],"line":39},"2":{"loc":{"start":{"line":54,"column":13},"end":{"line":56,"column":20}},"type":"cond-expr","locations":[{"start":{"line":55,"column":14},"end":{"line":55,"column":61}},{"start":{"line":56,"column":16},"end":{"line":56,"column":20}}],"line":54},"3":{"loc":{"start":{"line":54,"column":13},"end":{"line":54,"column":67}},"type":"binary-expr","locations":[{"start":{"line":54,"column":13},"end":{"line":54,"column":18}},{"start":{"line":54,"column":22},"end":{"line":54,"column":67}}],"line":54}},"s":{"0":1,"1":4,"2":4,"3":2,"4":2,"5":2,"6":2,"7":2,"8":2,"9":2,"10":2,"11":0,"12":0,"13":0,"14":6,"15":6,"16":6,"17":7},"f":{"0":4,"1":2,"2":2,"3":0,"4":6,"5":7},"b":{"0":[2,0],"1":[0,6],"2":[6,0],"3":[6,0]},"_coverageSchema":"332fd63041d2c1bcb487cc26dd0d5f7d97098a6c","hash":"69e686c52d018bdcd07fba958f88c76ed94fd1d6"}
,"/mnt/c/Users/Ilmari/work/fullstack-open/fullstackopen-part5/bloglist/frontend/src/components/blogform.js": {"path":"/mnt/c/Users/Ilmari/work/fullstack-open/fullstackopen-part5/bloglist/frontend/src/components/blogform.js","statementMap":{"0":{"start":{"line":1,"column":13},"end":{"line":1,"column":75}},"1":{"start":{"line":1,"column":94},"end":{"line":1,"column":200}},"2":{"start":{"line":1,"column":214},"end":{"line":1,"column":230}},"3":{"start":{"line":1,"column":245},"end":{"line":1,"column":275}},"4":{"start":{"line":2,"column":17},"end":{"line":2,"column":38}},"5":{"start":{"line":3,"column":12},"end":{"line":3,"column":29}},"6":{"start":{"line":3,"column":43},"end":{"line":3,"column":72}},"7":{"start":{"line":3,"column":111},"end":{"line":3,"column":165}},"8":{"start":{"line":5,"column":15},"end":{"line":16,"column":17}},"9":{"start":{"line":20,"column":17},"end":{"line":28,"column":1}},"10":{"start":{"line":21,"column":13},"end":{"line":21,"column":27}},"11":{"start":{"line":22,"column":2},"end":{"line":25,"column":190}},"12":{"start":{"line":29,"column":0},"end":{"line":29,"column":62}},"13":{"start":{"line":29,"column":62},"end":{"line":30,"column":9}}},"fnMap":{"0":{"name":"_interopRequireDefault","decl":{"start":{"line":3,"column":82},"end":{"line":3,"column":104}},"loc":{"start":{"line":3,"column":110},"end":{"line":3,"column":166}},"line":3},"1":{"name":"(anonymous_1)","decl":{"start":{"line":20,"column":17},"end":{"line":20,"column":18}},"loc":{"start":{"line":20,"column":26},"end":{"line":28,"column":1}},"line":20}},"branchMap":{"0":{"loc":{"start":{"line":3,"column":118},"end":{"line":3,"column":164}},"type":"cond-expr","locations":[{"start":{"line":3,"column":142},"end":{"line":3,"column":145}},{"start":{"line":3,"column":148},"end":{"line":3,"column":164}}],"line":3},"1":{"loc":{"start":{"line":3,"column":118},"end":{"line":3,"column":139}},"type":"binary-expr","locations":[{"start":{"line":3,"column":118},"end":{"line":3,"column":121}},{"start":{"line":3,"column":125},"end":{"line":3,"column":139}}],"line":3}},"s":{"0":0,"1":0,"2":0,"3":0,"4":0,"5":0,"6":0,"7":0,"8":0,"9":0,"10":0,"11":0,"12":0,"13":0},"f":{"0":0,"1":0},"b":{"0":[0,0],"1":[0,0]}}
,"/mnt/c/Users/Ilmari/work/fullstack-open/fullstackopen-part5/bloglist/frontend/src/components/blogs.js": {"path":"/mnt/c/Users/Ilmari/work/fullstack-open/fullstackopen-part5/bloglist/frontend/src/components/blogs.js","statementMap":{"0":{"start":{"line":1,"column":13},"end":{"line":1,"column":75}},"1":{"start":{"line":1,"column":94},"end":{"line":1,"column":197}},"2":{"start":{"line":1,"column":211},"end":{"line":1,"column":227}},"3":{"start":{"line":1,"column":242},"end":{"line":1,"column":272}},"4":{"start":{"line":2,"column":12},"end":{"line":2,"column":29}},"5":{"start":{"line":2,"column":43},"end":{"line":2,"column":72}},"6":{"start":{"line":2,"column":111},"end":{"line":2,"column":165}},"7":{"start":{"line":4,"column":14},"end":{"line":21,"column":1}},"8":{"start":{"line":5,"column":10},"end":{"line":5,"column":21}},"9":{"start":{"line":5,"column":32},"end":{"line":5,"column":45}},"10":{"start":{"line":5,"column":57},"end":{"line":5,"column":71}},"11":{"start":{"line":5,"column":87},"end":{"line":5,"column":97}},"12":{"start":{"line":7,"column":2},"end":{"line":16,"column":115}},"13":{"start":{"line":11,"column":6},"end":{"line":16,"column":111}},"14":{"start":{"line":21,"column":2},"end":{"line":23,"column":6}}},"fnMap":{"0":{"name":"_interopRequireDefault","decl":{"start":{"line":2,"column":82},"end":{"line":2,"column":104}},"loc":{"start":{"line":2,"column":110},"end":{"line":2,"column":166}},"line":2},"1":{"name":"(anonymous_1)","decl":{"start":{"line":4,"column":14},"end":{"line":4,"column":15}},"loc":{"start":{"line":4,"column":23},"end":{"line":21,"column":1}},"line":4},"2":{"name":"(anonymous_2)","decl":{"start":{"line":10,"column":16},"end":{"line":10,"column":17}},"loc":{"start":{"line":11,"column":6},"end":{"line":16,"column":111}},"line":11}},"branchMap":{"0":{"loc":{"start":{"line":2,"column":118},"end":{"line":2,"column":164}},"type":"cond-expr","locations":[{"start":{"line":2,"column":142},"end":{"line":2,"column":145}},{"start":{"line":2,"column":148},"end":{"line":2,"column":164}}],"line":2},"1":{"loc":{"start":{"line":2,"column":118},"end":{"line":2,"column":139}},"type":"binary-expr","locations":[{"start":{"line":2,"column":118},"end":{"line":2,"column":121}},{"start":{"line":2,"column":125},"end":{"line":2,"column":139}}],"line":2}},"s":{"0":0,"1":0,"2":0,"3":0,"4":0,"5":0,"6":0,"7":0,"8":0,"9":0,"10":0,"11":0,"12":0,"13":0,"14":0},"f":{"0":0,"1":0,"2":0},"b":{"0":[0,0],"1":[0,0]}}
,"/mnt/c/Users/Ilmari/work/fullstack-open/fullstackopen-part5/bloglist/frontend/src/components/form.js": {"path":"/mnt/c/Users/Ilmari/work/fullstack-open/fullstackopen-part5/bloglist/frontend/src/components/form.js","statementMap":{"0":{"start":{"line":1,"column":13},"end":{"line":1,"column":75}},"1":{"start":{"line":1,"column":94},"end":{"line":1,"column":196}},"2":{"start":{"line":1,"column":210},"end":{"line":1,"column":226}},"3":{"start":{"line":1,"column":241},"end":{"line":1,"column":271}},"4":{"start":{"line":2,"column":17},"end":{"line":2,"column":38}},"5":{"start":{"line":2,"column":77},"end":{"line":2,"column":131}},"6":{"start":{"line":6,"column":4},"end":{"line":6,"column":17}},"7":{"start":{"line":6,"column":17},"end":{"line":32,"column":6}},"8":{"start":{"line":31,"column":6},"end":{"line":31,"column":57}},"9":{"start":{"line":32,"column":6},"end":{"line":39,"column":6}},"10":{"start":{"line":35,"column":6},"end":{"line":35,"column":25}},"11":{"start":{"line":36,"column":23},"end":{"line":36,"column":41}},"12":{"start":{"line":37,"column":6},"end":{"line":37,"column":36}},"13":{"start":{"line":38,"column":6},"end":{"line":38,"column":45}},"14":{"start":{"line":39,"column":6},"end":{"line":39,"column":43}},"15":{"start":{"line":39,"column":79},"end":{"line":39,"column":96}},"16":{"start":{"line":39,"column":114},"end":{"line":39,"column":199}},"17":{"start":{"line":39,"column":157},"end":{"line":39,"column":167}},"18":{"start":{"line":39,"column":168},"end":{"line":39,"column":182}},"19":{"start":{"line":39,"column":182},"end":{"line":39,"column":193}},"20":{"start":{"line":39,"column":200},"end":{"line":39,"column":216}},"21":{"start":{"line":39,"column":247},"end":{"line":39,"column":264}},"22":{"start":{"line":39,"column":282},"end":{"line":39,"column":380}},"23":{"start":{"line":39,"column":325},"end":{"line":39,"column":335}},"24":{"start":{"line":39,"column":336},"end":{"line":39,"column":363}},"25":{"start":{"line":39,"column":363},"end":{"line":39,"column":374}},"26":{"start":{"line":39,"column":381},"end":{"line":39,"column":397}},"27":{"start":{"line":42,"column":4},"end":{"line":42,"column":14}},"28":{"start":{"line":42,"column":30},"end":{"line":42,"column":43}},"29":{"start":{"line":42,"column":58},"end":{"line":42,"column":76}},"30":{"start":{"line":43,"column":4},"end":{"line":59,"column":151}},"31":{"start":{"line":46,"column":17},"end":{"line":46,"column":27}},"32":{"start":{"line":46,"column":35},"end":{"line":46,"column":45}},"33":{"start":{"line":47,"column":10},"end":{"line":54,"column":118}},"34":{"start":{"line":65,"column":0},"end":{"line":73,"column":30}},"35":{"start":{"line":73,"column":30},"end":{"line":76,"column":5}}},"fnMap":{"0":{"name":"_interopRequireDefault","decl":{"start":{"line":2,"column":48},"end":{"line":2,"column":70}},"loc":{"start":{"line":2,"column":76},"end":{"line":2,"column":132}},"line":2},"1":{"name":"(anonymous_1)","decl":{"start":{"line":5,"column":2},"end":{"line":5,"column":3}},"loc":{"start":{"line":5,"column":21},"end":{"line":39,"column":44}},"line":5},"2":{"name":"(anonymous_2)","decl":{"start":{"line":30,"column":20},"end":{"line":30,"column":21}},"loc":{"start":{"line":30,"column":25},"end":{"line":32,"column":5}},"line":30},"3":{"name":"(anonymous_3)","decl":{"start":{"line":34,"column":15},"end":{"line":34,"column":16}},"loc":{"start":{"line":34,"column":20},"end":{"line":39,"column":5}},"line":34},"4":{"name":"(anonymous_4)","decl":{"start":{"line":39,"column":44},"end":{"line":39,"column":45}},"loc":{"start":{"line":39,"column":63},"end":{"line":39,"column":217}},"line":39},"5":{"name":"(anonymous_5)","decl":{"start":{"line":39,"column":128},"end":{"line":39,"column":129}},"loc":{"start":{"line":39,"column":144},"end":{"line":39,"column":194}},"line":39},"6":{"name":"(anonymous_6)","decl":{"start":{"line":39,"column":217},"end":{"line":39,"column":218}},"loc":{"start":{"line":39,"column":231},"end":{"line":39,"column":398}},"line":39},"7":{"name":"(anonymous_7)","decl":{"start":{"line":39,"column":296},"end":{"line":39,"column":297}},"loc":{"start":{"line":39,"column":312},"end":{"line":39,"column":375}},"line":39},"8":{"name":"(anonymous_8)","decl":{"start":{"line":41,"column":2},"end":{"line":41,"column":3}},"loc":{"start":{"line":41,"column":11},"end":{"line":62,"column":3}},"line":41},"9":{"name":"(anonymous_9)","decl":{"start":{"line":45,"column":19},"end":{"line":45,"column":20}},"loc":{"start":{"line":45,"column":28},"end":{"line":58,"column":9}},"line":45}},"branchMap":{"0":{"loc":{"start":{"line":2,"column":84},"end":{"line":2,"column":130}},"type":"cond-expr","locations":[{"start":{"line":2,"column":108},"end":{"line":2,"column":111}},{"start":{"line":2,"column":114},"end":{"line":2,"column":130}}],"line":2},"1":{"loc":{"start":{"line":2,"column":84},"end":{"line":2,"column":105}},"type":"binary-expr","locations":[{"start":{"line":2,"column":84},"end":{"line":2,"column":87}},{"start":{"line":2,"column":91},"end":{"line":2,"column":105}}],"line":2},"2":{"loc":{"start":{"line":52,"column":22},"end":{"line":52,"column":36}},"type":"binary-expr","locations":[{"start":{"line":52,"column":22},"end":{"line":52,"column":26}},{"start":{"line":52,"column":30},"end":{"line":52,"column":36}}],"line":52}},"s":{"0":0,"1":0,"2":0,"3":0,"4":0,"5":0,"6":0,"7":0,"8":0,"9":0,"10":0,"11":0,"12":0,"13":0,"14":0,"15":0,"16":0,"17":0,"18":0,"19":0,"20":0,"21":0,"22":0,"23":0,"24":0,"25":0,"26":0,"27":0,"28":0,"29":0,"30":0,"31":0,"32":0,"33":0,"34":0,"35":0},"f":{"0":0,"1":0,"2":0,"3":0,"4":0,"5":0,"6":0,"7":0,"8":0,"9":0},"b":{"0":[0,0],"1":[0,0],"2":[0,0]}}
,"/mnt/c/Users/Ilmari/work/fullstack-open/fullstackopen-part5/bloglist/frontend/src/components/loginform.js": {"path":"/mnt/c/Users/Ilmari/work/fullstack-open/fullstackopen-part5/bloglist/frontend/src/components/loginform.js","statementMap":{"0":{"start":{"line":1,"column":13},"end":{"line":1,"column":75}},"1":{"start":{"line":1,"column":94},"end":{"line":1,"column":201}},"2":{"start":{"line":1,"column":215},"end":{"line":1,"column":231}},"3":{"start":{"line":1,"column":246},"end":{"line":1,"column":276}},"4":{"start":{"line":2,"column":17},"end":{"line":2,"column":38}},"5":{"start":{"line":3,"column":12},"end":{"line":3,"column":29}},"6":{"start":{"line":3,"column":43},"end":{"line":3,"column":72}},"7":{"start":{"line":3,"column":111},"end":{"line":3,"column":165}},"8":{"start":{"line":5,"column":15},"end":{"line":12,"column":21}},"9":{"start":{"line":16,"column":18},"end":{"line":19,"column":1}},"10":{"start":{"line":17,"column":13},"end":{"line":17,"column":27}},"11":{"start":{"line":18,"column":2},"end":{"line":18,"column":190}},"12":{"start":{"line":21,"column":0},"end":{"line":21,"column":63}},"13":{"start":{"line":21,"column":63},"end":{"line":23,"column":10}}},"fnMap":{"0":{"name":"_interopRequireDefault","decl":{"start":{"line":3,"column":82},"end":{"line":3,"column":104}},"loc":{"start":{"line":3,"column":110},"end":{"line":3,"column":166}},"line":3},"1":{"name":"(anonymous_1)","decl":{"start":{"line":16,"column":18},"end":{"line":16,"column":19}},"loc":{"start":{"line":16,"column":27},"end":{"line":19,"column":1}},"line":16}},"branchMap":{"0":{"loc":{"start":{"line":3,"column":118},"end":{"line":3,"column":164}},"type":"cond-expr","locations":[{"start":{"line":3,"column":142},"end":{"line":3,"column":145}},{"start":{"line":3,"column":148},"end":{"line":3,"column":164}}],"line":3},"1":{"loc":{"start":{"line":3,"column":118},"end":{"line":3,"column":139}},"type":"binary-expr","locations":[{"start":{"line":3,"column":118},"end":{"line":3,"column":121}},{"start":{"line":3,"column":125},"end":{"line":3,"column":139}}],"line":3}},"s":{"0":0,"1":0,"2":0,"3":0,"4":0,"5":0,"6":0,"7":0,"8":0,"9":0,"10":0,"11":0,"12":0,"13":0},"f":{"0":0,"1":0},"b":{"0":[0,0],"1":[0,0]}}
,"/mnt/c/Users/Ilmari/work/fullstack-open/fullstackopen-part5/bloglist/frontend/src/components/notification.js": {"path":"/mnt/c/Users/Ilmari/work/fullstack-open/fullstackopen-part5/bloglist/frontend/src/components/notification.js","statementMap":{"0":{"start":{"line":1,"column":13},"end":{"line":1,"column":75}},"1":{"start":{"line":1,"column":94},"end":{"line":1,"column":204}},"2":{"start":{"line":1,"column":218},"end":{"line":1,"column":234}},"3":{"start":{"line":1,"column":249},"end":{"line":1,"column":279}},"4":{"start":{"line":2,"column":24},"end":{"line":2,"column":52}},"5":{"start":{"line":2,"column":78},"end":{"line":2,"column":119}},"6":{"start":{"line":2,"column":158},"end":{"line":2,"column":212}},"7":{"start":{"line":4,"column":24},"end":{"line":8,"column":1}},"8":{"start":{"line":6,"column":20},"end":{"line":6,"column":49}},"9":{"start":{"line":10,"column":21},"end":{"line":20,"column":1}},"10":{"start":{"line":11,"column":12},"end":{"line":11,"column":25}},"11":{"start":{"line":12,"column":2},"end":{"line":14,"column":3}},"12":{"start":{"line":13,"column":4},"end":{"line":13,"column":125}},"13":{"start":{"line":15,"column":10},"end":{"line":15,"column":23}},"14":{"start":{"line":16,"column":2},"end":{"line":18,"column":3}},"15":{"start":{"line":17,"column":4},"end":{"line":17,"column":155}},"16":{"start":{"line":19,"column":2},"end":{"line":19,"column":142}},"17":{"start":{"line":20,"column":2},"end":{"line":22,"column":13}}},"fnMap":{"0":{"name":"_interopRequireDefault","decl":{"start":{"line":2,"column":129},"end":{"line":2,"column":151}},"loc":{"start":{"line":2,"column":157},"end":{"line":2,"column":213}},"line":2},"1":{"name":"(anonymous_1)","decl":{"start":{"line":6,"column":11},"end":{"line":6,"column":12}},"loc":{"start":{"line":6,"column":20},"end":{"line":6,"column":49}},"line":6},"2":{"name":"(anonymous_2)","decl":{"start":{"line":10,"column":21},"end":{"line":10,"column":22}},"loc":{"start":{"line":10,"column":30},"end":{"line":20,"column":1}},"line":10}},"branchMap":{"0":{"loc":{"start":{"line":2,"column":165},"end":{"line":2,"column":211}},"type":"cond-expr","locations":[{"start":{"line":2,"column":189},"end":{"line":2,"column":192}},{"start":{"line":2,"column":195},"end":{"line":2,"column":211}}],"line":2},"1":{"loc":{"start":{"line":2,"column":165},"end":{"line":2,"column":186}},"type":"binary-expr","locations":[{"start":{"line":2,"column":165},"end":{"line":2,"column":168}},{"start":{"line":2,"column":172},"end":{"line":2,"column":186}}],"line":2},"2":{"loc":{"start":{"line":6,"column":20},"end":{"line":6,"column":49}},"type":"cond-expr","locations":[{"start":{"line":6,"column":34},"end":{"line":6,"column":39}},{"start":{"line":6,"column":42},"end":{"line":6,"column":49}}],"line":6},"3":{"loc":{"start":{"line":12,"column":2},"end":{"line":14,"column":3}},"type":"if","locations":[{"start":{"line":12,"column":2},"end":{"line":14,"column":3}},{"start":{"line":12,"column":2},"end":{"line":14,"column":3}}],"line":12},"4":{"loc":{"start":{"line":16,"column":2},"end":{"line":18,"column":3}},"type":"if","locations":[{"start":{"line":16,"column":2},"end":{"line":18,"column":3}},{"start":{"line":16,"column":2},"end":{"line":18,"column":3}}],"line":16}},"s":{"0":0,"1":0,"2":0,"3":0,"4":0,"5":0,"6":0,"7":0,"8":0,"9":0,"10":0,"11":0,"12":0,"13":0,"14":0,"15":0,"16":0,"17":0},"f":{"0":0,"1":0,"2":0},"b":{"0":[0,0],"1":[0,0],"2":[0,0],"3":[0,0],"4":[0,0]}}
,"/mnt/c/Users/Ilmari/work/fullstack-open/fullstackopen-part5/bloglist/frontend/src/components/toggleable.js": {"path":"/mnt/c/Users/Ilmari/work/fullstack-open/fullstackopen-part5/bloglist/frontend/src/components/toggleable.js","statementMap":{"0":{"start":{"line":6,"column":4},"end":{"line":6,"column":17}},"1":{"start":{"line":7,"column":27},"end":{"line":7,"column":49}},"2":{"start":{"line":8,"column":4},"end":{"line":8,"column":36}},"3":{"start":{"line":12,"column":31},"end":{"line":12,"column":41}},"4":{"start":{"line":13,"column":4},"end":{"line":17,"column":6}},"5":{"start":{"line":14,"column":29},"end":{"line":14,"column":42}},"6":{"start":{"line":20,"column":17},"end":{"line":20,"column":78}},"7":{"start":{"line":21,"column":15},"end":{"line":21,"column":55}},"8":{"start":{"line":22,"column":15},"end":{"line":22,"column":54}},"9":{"start":{"line":25,"column":31},"end":{"line":25,"column":41}},"10":{"start":{"line":26,"column":35},"end":{"line":26,"column":45}},"11":{"start":{"line":27,"column":4},"end":{"line":32,"column":6}},"12":{"start":{"line":36,"column":0},"end":{"line":40,"column":2}},"13":{"start":{"line":42,"column":0},"end":{"line":46,"column":2}}},"fnMap":{"0":{"name":"(anonymous_0)","decl":{"start":{"line":5,"column":2},"end":{"line":5,"column":3}},"loc":{"start":{"line":5,"column":21},"end":{"line":9,"column":3}},"line":5},"1":{"name":"(anonymous_1)","decl":{"start":{"line":11,"column":2},"end":{"line":11,"column":3}},"loc":{"start":{"line":11,"column":19},"end":{"line":18,"column":3}},"line":11},"2":{"name":"(anonymous_2)","decl":{"start":{"line":14,"column":23},"end":{"line":14,"column":24}},"loc":{"start":{"line":14,"column":29},"end":{"line":14,"column":42}},"line":14},"3":{"name":"(anonymous_3)","decl":{"start":{"line":20,"column":11},"end":{"line":20,"column":12}},"loc":{"start":{"line":20,"column":17},"end":{"line":20,"column":78}},"line":20},"4":{"name":"(anonymous_4)","decl":{"start":{"line":21,"column":9},"end":{"line":21,"column":10}},"loc":{"start":{"line":21,"column":15},"end":{"line":21,"column":55}},"line":21},"5":{"name":"(anonymous_5)","decl":{"start":{"line":22,"column":9},"end":{"line":22,"column":10}},"loc":{"start":{"line":22,"column":15},"end":{"line":22,"column":54}},"line":22},"6":{"name":"(anonymous_6)","decl":{"start":{"line":24,"column":2},"end":{"line":24,"column":3}},"loc":{"start":{"line":24,"column":11},"end":{"line":33,"column":3}},"line":24}},"branchMap":{"0":{"loc":{"start":{"line":7,"column":27},"end":{"line":7,"column":49}},"type":"binary-expr","locations":[{"start":{"line":7,"column":27},"end":{"line":7,"column":40}},{"start":{"line":7,"column":44},"end":{"line":7,"column":49}}],"line":7},"1":{"loc":{"start":{"line":15,"column":9},"end":{"line":15,"column":69}},"type":"cond-expr","locations":[{"start":{"line":15,"column":26},"end":{"line":15,"column":46}},{"start":{"line":15,"column":49},"end":{"line":15,"column":69}}],"line":15},"2":{"loc":{"start":{"line":29,"column":14},"end":{"line":29,"column":46}},"type":"cond-expr","locations":[{"start":{"line":29,"column":31},"end":{"line":29,"column":39}},{"start":{"line":29,"column":42},"end":{"line":29,"column":46}}],"line":29},"3":{"loc":{"start":{"line":30,"column":9},"end":{"line":30,"column":48}},"type":"cond-expr","locations":[{"start":{"line":30,"column":20},"end":{"line":30,"column":41}},{"start":{"line":30,"column":44},"end":{"line":30,"column":48}}],"line":30}},"s":{"0":3,"1":3,"2":3,"3":0,"4":0,"5":0,"6":2,"7":0,"8":0,"9":7,"10":7,"11":7,"12":1,"13":1},"f":{"0":3,"1":0,"2":0,"3":2,"4":0,"5":0,"6":7},"b":{"0":[3,3],"1":[0,0],"2":[4,3],"3":[0,7]},"_coverageSchema":"332fd63041d2c1bcb487cc26dd0d5f7d97098a6c","hash":"ac60e171a4002a92ff6d5540e7264f63ab64c770"}
,"/mnt/c/Users/Ilmari/work/fullstack-open/fullstackopen-part5/bloglist/frontend/src/components/userinfo.js": {"path":"/mnt/c/Users/Ilmari/work/fullstack-open/fullstackopen-part5/bloglist/frontend/src/components/userinfo.js","statementMap":{"0":{"start":{"line":1,"column":13},"end":{"line":1,"column":75}},"1":{"start":{"line":1,"column":94},"end":{"line":1,"column":200}},"2":{"start":{"line":1,"column":214},"end":{"line":1,"column":230}},"3":{"start":{"line":1,"column":245},"end":{"line":1,"column":275}},"4":{"start":{"line":1,"column":314},"end":{"line":1,"column":368}},"5":{"start":{"line":3,"column":21},"end":{"line":8,"column":1}},"6":{"start":{"line":4,"column":2},"end":{"line":7,"column":4}},"7":{"start":{"line":5,"column":4},"end":{"line":5,"column":23}},"8":{"start":{"line":6,"column":4},"end":{"line":6,"column":16}},"9":{"start":{"line":10,"column":17},"end":{"line":18,"column":1}},"10":{"start":{"line":11,"column":13},"end":{"line":11,"column":27}},"11":{"start":{"line":11,"column":39},"end":{"line":11,"column":53}},"12":{"start":{"line":12,"column":2},"end":{"line":15,"column":168}},"13":{"start":{"line":18,"column":2},"end":{"line":20,"column":9}}},"fnMap":{"0":{"name":"_interopRequireDefault","decl":{"start":{"line":1,"column":285},"end":{"line":1,"column":307}},"loc":{"start":{"line":1,"column":313},"end":{"line":1,"column":369}},"line":1},"1":{"name":"(anonymous_1)","decl":{"start":{"line":3,"column":21},"end":{"line":3,"column":22}},"loc":{"start":{"line":3,"column":33},"end":{"line":8,"column":1}},"line":3},"2":{"name":"(anonymous_2)","decl":{"start":{"line":4,"column":9},"end":{"line":4,"column":10}},"loc":{"start":{"line":4,"column":14},"end":{"line":7,"column":3}},"line":4},"3":{"name":"(anonymous_3)","decl":{"start":{"line":10,"column":17},"end":{"line":10,"column":18}},"loc":{"start":{"line":10,"column":26},"end":{"line":18,"column":1}},"line":10}},"branchMap":{"0":{"loc":{"start":{"line":1,"column":321},"end":{"line":1,"column":367}},"type":"cond-expr","locations":[{"start":{"line":1,"column":345},"end":{"line":1,"column":348}},{"start":{"line":1,"column":351},"end":{"line":1,"column":367}}],"line":1},"1":{"loc":{"start":{"line":1,"column":321},"end":{"line":1,"column":342}},"type":"binary-expr","locations":[{"start":{"line":1,"column":321},"end":{"line":1,"column":324}},{"start":{"line":1,"column":328},"end":{"line":1,"column":342}}],"line":1}},"s":{"0":0,"1":0,"2":0,"3":0,"4":0,"5":0,"6":0,"7":0,"8":0,"9":0,"10":0,"11":0,"12":0,"13":0},"f":{"0":0,"1":0,"2":0,"3":0},"b":{"0":[0,0],"1":[0,0]}}
,"/mnt/c/Users/Ilmari/work/fullstack-open/fullstackopen-part5/bloglist/frontend/src/services/blogs.js": {"path":"/mnt/c/Users/Ilmari/work/fullstack-open/fullstackopen-part5/bloglist/frontend/src/services/blogs.js","statementMap":{"0":{"start":{"line":1,"column":13},"end":{"line":1,"column":75}},"1":{"start":{"line":1,"column":88},"end":{"line":1,"column":104}},"2":{"start":{"line":1,"column":119},"end":{"line":1,"column":149}},"3":{"start":{"line":1,"column":188},"end":{"line":1,"column":242}},"4":{"start":{"line":2,"column":16},"end":{"line":2,"column":28}},"5":{"start":{"line":4,"column":12},"end":{"line":4,"column":16}},"6":{"start":{"line":6,"column":15},"end":{"line":13,"column":1}},"7":{"start":{"line":7,"column":2},"end":{"line":12,"column":3}},"8":{"start":{"line":8,"column":21},"end":{"line":8,"column":55}},"9":{"start":{"line":9,"column":4},"end":{"line":9,"column":20}},"10":{"start":{"line":10,"column":33},"end":{"line":10,"column":46}},"11":{"start":{"line":11,"column":4},"end":{"line":11,"column":20}},"12":{"start":{"line":15,"column":15},"end":{"line":25,"column":1}},"13":{"start":{"line":16,"column":17},"end":{"line":17,"column":39}},"14":{"start":{"line":19,"column":2},"end":{"line":24,"column":3}},"15":{"start":{"line":20,"column":21},"end":{"line":20,"column":73}},"16":{"start":{"line":21,"column":4},"end":{"line":21,"column":20}},"17":{"start":{"line":22,"column":34},"end":{"line":22,"column":48}},"18":{"start":{"line":23,"column":4},"end":{"line":23,"column":20}},"19":{"start":{"line":27,"column":15},"end":{"line":37,"column":1}},"20":{"start":{"line":28,"column":17},"end":{"line":29,"column":39}},"21":{"start":{"line":31,"column":2},"end":{"line":36,"column":3}},"22":{"start":{"line":32,"column":21},"end":{"line":32,"column":83}},"23":{"start":{"line":33,"column":4},"end":{"line":33,"column":20}},"24":{"start":{"line":34,"column":34},"end":{"line":34,"column":48}},"25":{"start":{"line":35,"column":4},"end":{"line":35,"column":20}},"26":{"start":{"line":39,"column":15},"end":{"line":49,"column":1}},"27":{"start":{"line":40,"column":17},"end":{"line":41,"column":39}},"28":{"start":{"line":43,"column":2},"end":{"line":48,"column":3}},"29":{"start":{"line":44,"column":21},"end":{"line":44,"column":77}},"30":{"start":{"line":45,"column":4},"end":{"line":45,"column":20}},"31":{"start":{"line":46,"column":34},"end":{"line":46,"column":48}},"32":{"start":{"line":47,"column":4},"end":{"line":47,"column":20}},"33":{"start":{"line":51,"column":17},"end":{"line":54,"column":1}},"34":{"start":{"line":52,"column":2},"end":{"line":52,"column":36}},"35":{"start":{"line":53,"column":2},"end":{"line":53,"column":15}},"36":{"start":{"line":56,"column":20},"end":{"line":58,"column":1}},"37":{"start":{"line":57,"column":2},"end":{"line":57,"column":15}},"38":{"start":{"line":58,"column":2},"end":{"line":60,"column":58}}},"fnMap":{"0":{"name":"_interopRequireDefault","decl":{"start":{"line":1,"column":159},"end":{"line":1,"column":181}},"loc":{"start":{"line":1,"column":187},"end":{"line":1,"column":243}},"line":1},"1":{"name":"(anonymous_1)","decl":{"start":{"line":6,"column":15},"end":{"line":6,"column":16}},"loc":{"start":{"line":6,"column":27},"end":{"line":13,"column":1}},"line":6},"2":{"name":"(anonymous_2)","decl":{"start":{"line":15,"column":15},"end":{"line":15,"column":16}},"loc":{"start":{"line":15,"column":32},"end":{"line":25,"column":1}},"line":15},"3":{"name":"(anonymous_3)","decl":{"start":{"line":27,"column":15},"end":{"line":27,"column":16}},"loc":{"start":{"line":27,"column":38},"end":{"line":37,"column":1}},"line":27},"4":{"name":"(anonymous_4)","decl":{"start":{"line":39,"column":15},"end":{"line":39,"column":16}},"loc":{"start":{"line":39,"column":27},"end":{"line":49,"column":1}},"line":39},"5":{"name":"(anonymous_5)","decl":{"start":{"line":51,"column":17},"end":{"line":51,"column":18}},"loc":{"start":{"line":51,"column":34},"end":{"line":54,"column":1}},"line":51},"6":{"name":"(anonymous_6)","decl":{"start":{"line":56,"column":20},"end":{"line":56,"column":21}},"loc":{"start":{"line":56,"column":26},"end":{"line":58,"column":1}},"line":56}},"branchMap":{"0":{"loc":{"start":{"line":1,"column":195},"end":{"line":1,"column":241}},"type":"cond-expr","locations":[{"start":{"line":1,"column":219},"end":{"line":1,"column":222}},{"start":{"line":1,"column":225},"end":{"line":1,"column":241}}],"line":1},"1":{"loc":{"start":{"line":1,"column":195},"end":{"line":1,"column":216}},"type":"binary-expr","locations":[{"start":{"line":1,"column":195},"end":{"line":1,"column":198}},{"start":{"line":1,"column":202},"end":{"line":1,"column":216}}],"line":1}},"s":{"0":0,"1":0,"2":0,"3":0,"4":0,"5":0,"6":0,"7":0,"8":0,"9":0,"10":0,"11":0,"12":0,"13":0,"14":0,"15":0,"16":0,"17":0,"18":0,"19":0,"20":0,"21":0,"22":0,"23":0,"24":0,"25":0,"26":0,"27":0,"28":0,"29":0,"30":0,"31":0,"32":0,"33":0,"34":0,"35":0,"36":0,"37":0,"38":0},"f":{"0":0,"1":0,"2":0,"3":0,"4":0,"5":0,"6":0},"b":{"0":[0,0],"1":[0,0]}}
,"/mnt/c/Users/Ilmari/work/fullstack-open/fullstackopen-part5/bloglist/frontend/src/services/login.js": {"path":"/mnt/c/Users/Ilmari/work/fullstack-open/fullstackopen-part5/bloglist/frontend/src/services/login.js","statementMap":{"0":{"start":{"line":1,"column":13},"end":{"line":1,"column":75}},"1":{"start":{"line":1,"column":88},"end":{"line":1,"column":104}},"2":{"start":{"line":1,"column":119},"end":{"line":1,"column":149}},"3":{"start":{"line":1,"column":188},"end":{"line":1,"column":242}},"4":{"start":{"line":2,"column":16},"end":{"line":2,"column":28}},"5":{"start":{"line":4,"column":14},"end":{"line":11,"column":1}},"6":{"start":{"line":5,"column":2},"end":{"line":10,"column":3}},"7":{"start":{"line":6,"column":21},"end":{"line":6,"column":69}},"8":{"start":{"line":7,"column":4},"end":{"line":7,"column":20}},"9":{"start":{"line":9,"column":4},"end":{"line":9,"column":22}},"10":{"start":{"line":11,"column":2},"end":{"line":13,"column":10}}},"fnMap":{"0":{"name":"_interopRequireDefault","decl":{"start":{"line":1,"column":159},"end":{"line":1,"column":181}},"loc":{"start":{"line":1,"column":187},"end":{"line":1,"column":243}},"line":1},"1":{"name":"(anonymous_1)","decl":{"start":{"line":4,"column":14},"end":{"line":4,"column":15}},"loc":{"start":{"line":4,"column":35},"end":{"line":11,"column":1}},"line":4}},"branchMap":{"0":{"loc":{"start":{"line":1,"column":195},"end":{"line":1,"column":241}},"type":"cond-expr","locations":[{"start":{"line":1,"column":219},"end":{"line":1,"column":222}},{"start":{"line":1,"column":225},"end":{"line":1,"column":241}}],"line":1},"1":{"loc":{"start":{"line":1,"column":195},"end":{"line":1,"column":216}},"type":"binary-expr","locations":[{"start":{"line":1,"column":195},"end":{"line":1,"column":198}},{"start":{"line":1,"column":202},"end":{"line":1,"column":216}}],"line":1}},"s":{"0":0,"1":0,"2":0,"3":0,"4":0,"5":0,"6":0,"7":0,"8":0,"9":0,"10":0},"f":{"0":0,"1":0},"b":{"0":[0,0],"1":[0,0]}}
,"/mnt/c/Users/Ilmari/work/fullstack-open/fullstackopen-part5/bloglist/frontend/src/tests/SimpleBlog.js": {"path":"/mnt/c/Users/Ilmari/work/fullstack-open/fullstackopen-part5/bloglist/frontend/src/tests/SimpleBlog.js","statementMap":{"0":{"start":{"line":3,"column":19},"end":{"line":13,"column":1}},"1":{"start":{"line":4,"column":2},"end":{"line":12,"column":8}}},"fnMap":{"0":{"name":"(anonymous_0)","decl":{"start":{"line":3,"column":19},"end":{"line":3,"column":20}},"loc":{"start":{"line":4,"column":2},"end":{"line":12,"column":8}},"line":4}},"branchMap":{},"s":{"0":1,"1":1},"f":{"0":1},"b":{},"_coverageSchema":"332fd63041d2c1bcb487cc26dd0d5f7d97098a6c","hash":"aaad75063935d44e11944e57ee46462d43252331"}
,"/mnt/c/Users/Ilmari/work/fullstack-open/fullstackopen-part5/bloglist/frontend/src/tests/simpleblog.js": {"path":"/mnt/c/Users/Ilmari/work/fullstack-open/fullstackopen-part5/bloglist/frontend/src/tests/simpleblog.js","statementMap":{"0":{"start":{"line":1,"column":13},"end":{"line":1,"column":75}},"1":{"start":{"line":1,"column":94},"end":{"line":1,"column":197}},"2":{"start":{"line":1,"column":211},"end":{"line":1,"column":227}},"3":{"start":{"line":1,"column":242},"end":{"line":1,"column":272}},"4":{"start":{"line":1,"column":311},"end":{"line":1,"column":365}},"5":{"start":{"line":3,"column":19},"end":{"line":10,"column":148}},"6":{"start":{"line":4,"column":0},"end":{"line":10,"column":148}},"7":{"start":{"line":10,"column":149},"end":{"line":15,"column":11}}},"fnMap":{"0":{"name":"_interopRequireDefault","decl":{"start":{"line":1,"column":282},"end":{"line":1,"column":304}},"loc":{"start":{"line":1,"column":310},"end":{"line":1,"column":366}},"line":1},"1":{"name":"(anonymous_1)","decl":{"start":{"line":3,"column":19},"end":{"line":3,"column":20}},"loc":{"start":{"line":4,"column":0},"end":{"line":10,"column":148}},"line":4}},"branchMap":{"0":{"loc":{"start":{"line":1,"column":318},"end":{"line":1,"column":364}},"type":"cond-expr","locations":[{"start":{"line":1,"column":342},"end":{"line":1,"column":345}},{"start":{"line":1,"column":348},"end":{"line":1,"column":364}}],"line":1},"1":{"loc":{"start":{"line":1,"column":318},"end":{"line":1,"column":339}},"type":"binary-expr","locations":[{"start":{"line":1,"column":318},"end":{"line":1,"column":321}},{"start":{"line":1,"column":325},"end":{"line":1,"column":339}}],"line":1}},"s":{"0":0,"1":0,"2":0,"3":0,"4":0,"5":0,"6":0,"7":0},"f":{"0":0,"1":0},"b":{"0":[0,0],"1":[0,0]}}
}
